<?xml version="1.0" encoding="UTF-8"?>
<!-- Generated by org.testng.reporters.JUnitReportReporter -->
<testsuite skipped="0" hostname="DESKTOP-GGIVUTI" name="com.qa.tests.LoginPageTest" tests="1" failures="0" timestamp="24 Jan 2018 10:43:31 GMT" time="0.005" errors="0">
  <testcase name="loginTest" time="0.005" classname="com.qa.tests.LoginPageTest"/>
</testsuite> <!-- com.qa.tests.LoginPageTest -->
